<?xml version="1.0" encoding="UTF-8"?>
<!-- Generated by org.testng.reporters.JUnitReportReporter -->
<testsuite hostname="DESKTOP-GJPQQPC" failures="0" tests="2" name="com.crm.qa.testcases.LoginPageTest" time="24.408" errors="0" timestamp="06 Nov 2019 04:05:08 GMT" skipped="0">
  <testcase classname="com.crm.qa.testcases.LoginPageTest" name="loginPageTitleTest" time="12.291"/>
  <testcase classname="com.crm.qa.testcases.LoginPageTest" name="loginTest" time="12.117"/>
</testsuite> <!-- com.crm.qa.testcases.LoginPageTest -->
