<?xml version="1.0" encoding="UTF-8"?>
<!-- Generated by org.testng.reporters.JUnitReportReporter -->
<testsuite hostname="DESKTOP-GJPQQPC" failures="0" tests="2" name="com.crm.qa.testcases.LoginPageTest" time="24.388" errors="0" timestamp="06 Nov 2019 15:03:20 GMT" skipped="0">
  <testcase classname="com.crm.qa.testcases.LoginPageTest" name="loginPageTitleTest" time="12.302"/>
  <testcase classname="com.crm.qa.testcases.LoginPageTest" name="loginTest" time="12.086"/>
</testsuite> <!-- com.crm.qa.testcases.LoginPageTest -->
